<?xml version="1.0" encoding="UTF-8"?>
<!-- Generated by org.testng.reporters.JUnitXMLReporter -->
<testsuite ignored="1" hostname="DESKTOP-VPG85OJ" failures="0" tests="2" name="Default test" time="0.109" errors="0" timestamp="2022-10-12T12:12:49 IST">
  <testcase classname="com.cjc.NewTest" name="A" time="0.01"/>
  <testcase classname="com.cjc.NewTest" name="B" time="0.004"/>
  <testcase classname="com.cjc.NewTest" name="C" time="0.0">
    <ignored/>
  </testcase> <!-- C -->
</testsuite> <!-- Default test -->
