<?xml version="1.0" encoding="UTF-8"?>
<testng-results ignored="1" total="3" passed="2" failed="0" skipped="0">
  <reporter-output>
  </reporter-output>
  <suite started-at="2022-10-12T12:12:48 IST" name="Default suite" finished-at="2022-10-12T12:12:48 IST" duration-ms="109">
    <groups>
    </groups>
    <test started-at="2022-10-12T12:12:48 IST" name="Default test" finished-at="2022-10-12T12:12:48 IST" duration-ms="109">
      <class name="com.cjc.NewTest">
        <test-method is-config="true" signature="beforeSuite()[pri:0, instance:com.cjc.NewTest@1ba9117e]" started-at="2022-10-12T12:12:48 IST" name="beforeSuite" finished-at="2022-10-12T12:12:48 IST" duration-ms="16" status="PASS">
          <reporter-output>
          </reporter-output>
        </test-method> <!-- beforeSuite -->
        <test-method is-config="true" signature="beforeTest()[pri:0, instance:com.cjc.NewTest@1ba9117e]" started-at="2022-10-12T12:12:48 IST" name="beforeTest" finished-at="2022-10-12T12:12:48 IST" duration-ms="1" status="PASS">
          <reporter-output>
          </reporter-output>
        </test-method> <!-- beforeTest -->
        <test-method is-config="true" signature="beforeClass()[pri:0, instance:com.cjc.NewTest@1ba9117e]" started-at="2022-10-12T12:12:48 IST" name="beforeClass" finished-at="2022-10-12T12:12:48 IST" duration-ms="1" status="PASS">
          <reporter-output>
          </reporter-output>
        </test-method> <!-- beforeClass -->
        <test-method is-config="true" signature="beforeMethod()[pri:0, instance:com.cjc.NewTest@1ba9117e]" started-at="2022-10-12T12:12:48 IST" name="beforeMethod" finished-at="2022-10-12T12:12:48 IST" duration-ms="2" status="PASS">
          <reporter-output>
          </reporter-output>
        </test-method> <!-- beforeMethod -->
        <test-method signature="A()[pri:2, instance:com.cjc.NewTest@1ba9117e]" started-at="2022-10-12T12:12:48 IST" name="A" finished-at="2022-10-12T12:12:48 IST" duration-ms="10" status="PASS">
          <reporter-output>
          </reporter-output>
        </test-method> <!-- A -->
        <test-method is-config="true" signature="afterMethod()[pri:0, instance:com.cjc.NewTest@1ba9117e]" started-at="2022-10-12T12:12:48 IST" name="afterMethod" finished-at="2022-10-12T12:12:48 IST" duration-ms="0" status="PASS">
          <reporter-output>
          </reporter-output>
        </test-method> <!-- afterMethod -->
        <test-method signature="B()[pri:2, instance:com.cjc.NewTest@1ba9117e]" started-at="2022-10-12T12:12:48 IST" name="B" finished-at="2022-10-12T12:12:48 IST" duration-ms="4" status="PASS">
          <reporter-output>
          </reporter-output>
        </test-method> <!-- B -->
        <test-method is-config="true" signature="beforeMethod()[pri:0, instance:com.cjc.NewTest@1ba9117e]" started-at="2022-10-12T12:12:48 IST" name="beforeMethod" finished-at="2022-10-12T12:12:48 IST" duration-ms="0" status="PASS">
          <reporter-output>
          </reporter-output>
        </test-method> <!-- beforeMethod -->
        <test-method is-config="true" signature="afterMethod()[pri:0, instance:com.cjc.NewTest@1ba9117e]" started-at="2022-10-12T12:12:48 IST" name="afterMethod" finished-at="2022-10-12T12:12:48 IST" duration-ms="0" status="PASS">
          <reporter-output>
          </reporter-output>
        </test-method> <!-- afterMethod -->
        <test-method is-config="true" signature="afterClass()[pri:0, instance:com.cjc.NewTest@1ba9117e]" started-at="2022-10-12T12:12:48 IST" name="afterClass" finished-at="2022-10-12T12:12:48 IST" duration-ms="1" status="PASS">
          <reporter-output>
          </reporter-output>
        </test-method> <!-- afterClass -->
        <test-method is-config="true" signature="afterTest()[pri:0, instance:com.cjc.NewTest@1ba9117e]" started-at="2022-10-12T12:12:48 IST" name="afterTest" finished-at="2022-10-12T12:12:48 IST" duration-ms="0" status="PASS">
          <reporter-output>
          </reporter-output>
        </test-method> <!-- afterTest -->
        <test-method is-config="true" signature="afterSuite()[pri:0, instance:com.cjc.NewTest@1ba9117e]" started-at="2022-10-12T12:12:49 IST" name="afterSuite" finished-at="2022-10-12T12:12:49 IST" duration-ms="1" status="PASS">
          <reporter-output>
          </reporter-output>
        </test-method> <!-- afterSuite -->
      </class> <!-- com.cjc.NewTest -->
    </test> <!-- Default test -->
  </suite> <!-- Default suite -->
</testng-results>
